<?xml version="1.0" encoding="UTF-8"?>
<!-- Generated by org.testng.reporters.JUnitXMLReporter -->
<testsuite ignored="0" hostname="LAPTOP-0V3POML9" failures="1" tests="11" name="Test" time="7.538" errors="0" timestamp="2020-12-20T21:47:07 EST">
  <testcase classname="alltesting.Maven_Testing.day1_Test" name="day1_tests_2_1" time="0.008"/>
  <testcase classname="alltesting.Maven_Testing.day1_Test" name="day1_tests_2_2" time="0.001"/>
  <testcase classname="alltesting.Maven_Testing.day1_Test" name="daycarloan" time="0.001"/>
  <testcase classname="alltesting.Maven_Testing.day1_Test" name="daycarloan1" time="0.002"/>
  <testcase classname="alltesting.Maven_Testing.day1_Test" name="daycarloan2" time="0.001"/>
  <testcase classname="alltesting.Maven_Testing.day1_test_3_Test" name="day1_tests_2_1" time="0.004"/>
  <testcase classname="alltesting.Maven_Testing.day1_test_3_Test" name="day1_tests_2_2" time="0.001"/>
  <testcase classname="alltesting.Maven_Testing.day1_test_3_Test" name="daycarloan" time="0.0"/>
  <testcase classname="alltesting.Maven_Testing.day1_test_3_Test" name="daycarloan1" time="0.0"/>
  <testcase classname="alltesting.Maven_Testing.day1_test_3_Test" name="daycarloan2" time="0.0"/>
  <testcase classname="alltesting.Maven_Testing.first_testng_Test" name="day1" time="7.38">
    <failure type="org.openqa.selenium.WebDriverException" message="unknown error: cannot determine loading status
from disconnected: received Inspector.detached event
  (Session info: chrome=87.0.4280.88)
Build info: version: &amp;apos;3.6.0&amp;apos;, revision: &amp;apos;6fbf3ec767&amp;apos;, time: &amp;apos;2017-09-27T15:28:36.4Z&amp;apos;
System info: host: &amp;apos;LAPTOP-0V3POML9&amp;apos;, ip: &amp;apos;192.168.1.9&amp;apos;, os.name: &amp;apos;Windows 10&amp;apos;, os.arch: &amp;apos;amd64&amp;apos;, os.version: &amp;apos;10.0&amp;apos;, java.version: &amp;apos;13.0.1&amp;apos;
Driver info: org.openqa.selenium.chrome.ChromeDriver
Capabilities [{networkConnectionEnabled=false, chrome={chromedriverVersion=86.0.4240.22 (398b0743353ff36fb1b82468f63a3a93b4e2e89e-refs/branch-heads/4240@{#378}), userDataDir=C:\Users\13472\AppData\Local\Temp\scoped_dir11448_709722900}, timeouts={implicit=0, pageLoad=300000, script=30000}, pageLoadStrategy=normal, unhandledPromptBehavior=dismiss and notify, strictFileInteractability=false, platform=WINDOWS, proxy=Proxy(), goog:chromeOptions={debuggerAddress=localhost:62438}, acceptInsecureCerts=false, browserVersion=87.0.4280.88, browserName=chrome, javascriptEnabled=true, platformName=WINDOWS, setWindowRect=true, webauthn:virtualAuthenticators=true}]
Session ID: ace73e7a93b11f91a31885011f8ca636">
      <![CDATA[org.openqa.selenium.WebDriverException: unknown error: cannot determine loading status
from disconnected: received Inspector.detached event
  (Session info: chrome=87.0.4280.88)
Build info: version: '3.6.0', revision: '6fbf3ec767', time: '2017-09-27T15:28:36.4Z'
System info: host: 'LAPTOP-0V3POML9', ip: '192.168.1.9', os.name: 'Windows 10', os.arch: 'amd64', os.version: '10.0', java.version: '13.0.1'
Driver info: org.openqa.selenium.chrome.ChromeDriver
Capabilities [{networkConnectionEnabled=false, chrome={chromedriverVersion=86.0.4240.22 (398b0743353ff36fb1b82468f63a3a93b4e2e89e-refs/branch-heads/4240@{#378}), userDataDir=C:\Users\13472\AppData\Local\Temp\scoped_dir11448_709722900}, timeouts={implicit=0, pageLoad=300000, script=30000}, pageLoadStrategy=normal, unhandledPromptBehavior=dismiss and notify, strictFileInteractability=false, platform=WINDOWS, proxy=Proxy(), goog:chromeOptions={debuggerAddress=localhost:62438}, acceptInsecureCerts=false, browserVersion=87.0.4280.88, browserName=chrome, javascriptEnabled=true, platformName=WINDOWS, setWindowRect=true, webauthn:virtualAuthenticators=true}]
Session ID: ace73e7a93b11f91a31885011f8ca636
at org.openqa.selenium.remote.http.W3CHttpResponseCodec.createException(W3CHttpResponseCodec.java:185)
at org.openqa.selenium.remote.http.W3CHttpResponseCodec.decode(W3CHttpResponseCodec.java:120)
at org.openqa.selenium.remote.http.W3CHttpResponseCodec.decode(W3CHttpResponseCodec.java:49)
at org.openqa.selenium.remote.HttpCommandExecutor.execute(HttpCommandExecutor.java:164)
at org.openqa.selenium.remote.service.DriverCommandExecutor.execute(DriverCommandExecutor.java:83)
at org.openqa.selenium.remote.RemoteWebDriver.execute(RemoteWebDriver.java:586)
at org.openqa.selenium.remote.RemoteWebDriver.get(RemoteWebDriver.java:310)
at alltesting.Maven_Testing.first_testng_Test.day1(first_testng_Test.java:18)
at java.base/java.util.ArrayList.forEach(ArrayList.java:1507)
... Removed 36 stack frames]]>
    </failure>
  </testcase> <!-- day1 -->
</testsuite> <!-- Test -->
